<?xml version="1.0" encoding="UTF-8"?>
<coverage generated="1641017259409" clover="3.2.0">
  <project timestamp="1641017259409" name="All files">
    <metrics statements="16" coveredstatements="16" conditionals="0" coveredconditionals="0" methods="8" coveredmethods="8" elements="24" coveredelements="24" complexity="0" loc="16" ncloc="16" packages="2" files="5" classes="5"/>
    <package name="components.HomeView">
      <metrics statements="13" coveredstatements="13" conditionals="0" coveredconditionals="0" methods="7" coveredmethods="7"/>
      <file name="BusinessInfo.js" path="/home/jessica/Term3/final-assignment/Bat_and_Bun_restaurant/client/src/components/HomeView/BusinessInfo.js">
        <metrics statements="5" coveredstatements="5" conditionals="0" coveredconditionals="0" methods="3" coveredmethods="3"/>
        <line num="4" count="1" type="stmt"/>
        <line num="6" count="2" type="stmt"/>
        <line num="21" count="2" type="stmt"/>
        <line num="25" count="6" type="stmt"/>
        <line num="29" count="10" type="stmt"/>
      </file>
      <file name="EmbedMap.js" path="/home/jessica/Term3/final-assignment/Bat_and_Bun_restaurant/client/src/components/HomeView/EmbedMap.js">
        <metrics statements="3" coveredstatements="3" conditionals="0" coveredconditionals="0" methods="1" coveredmethods="1"/>
        <line num="3" count="1" type="stmt"/>
        <line num="4" count="3" type="stmt"/>
        <line num="6" count="3" type="stmt"/>
      </file>
      <file name="HeroBanner.js" path="/home/jessica/Term3/final-assignment/Bat_and_Bun_restaurant/client/src/components/HomeView/HeroBanner.js">
        <metrics statements="2" coveredstatements="2" conditionals="0" coveredconditionals="0" methods="1" coveredmethods="1"/>
        <line num="3" count="2" type="stmt"/>
        <line num="4" count="4" type="stmt"/>
      </file>
      <file name="IconLink.js" path="/home/jessica/Term3/final-assignment/Bat_and_Bun_restaurant/client/src/components/HomeView/IconLink.js">
        <metrics statements="3" coveredstatements="3" conditionals="0" coveredconditionals="0" methods="2" coveredmethods="2"/>
        <line num="5" count="4" type="stmt"/>
        <line num="12" count="1" type="stmt"/>
        <line num="13" count="4" type="stmt"/>
      </file>
    </package>
    <package name="views">
      <metrics statements="3" coveredstatements="3" conditionals="0" coveredconditionals="0" methods="1" coveredmethods="1"/>
      <file name="AboutView.js" path="/home/jessica/Term3/final-assignment/Bat_and_Bun_restaurant/client/src/views/AboutView.js">
        <metrics statements="3" coveredstatements="3" conditionals="0" coveredconditionals="0" methods="1" coveredmethods="1"/>
        <line num="5" count="1" type="stmt"/>
        <line num="6" count="2" type="stmt"/>
        <line num="8" count="2" type="stmt"/>
      </file>
    </package>
  </project>
</coverage>
