{"/home/jessica/Term3/final-assignment/Bat_and_Bun_restaurant/client/src/components/HomeView/BusinessInfo.js": {"path":"/home/jessica/Term3/final-assignment/Bat_and_Bun_restaurant/client/src/components/HomeView/BusinessInfo.js","statementMap":{"0":{"start":{"line":4,"column":21},"end":{"line":37,"column":1}},"1":{"start":{"line":6,"column":23},"end":{"line":19,"column":3}},"2":{"start":{"line":21,"column":2},"end":{"line":36,"column":3}},"3":{"start":{"line":25,"column":10},"end":{"line":32,"column":16}},"4":{"start":{"line":29,"column":16},"end":{"line":29,"column":41}}},"fnMap":{"0":{"name":"(anonymous_0)","decl":{"start":{"line":4,"column":21},"end":{"line":4,"column":22}},"loc":{"start":{"line":4,"column":27},"end":{"line":37,"column":1}},"line":4},"1":{"name":"(anonymous_1)","decl":{"start":{"line":24,"column":26},"end":{"line":24,"column":27}},"loc":{"start":{"line":25,"column":10},"end":{"line":32,"column":16}},"line":25},"2":{"name":"(anonymous_2)","decl":{"start":{"line":28,"column":32},"end":{"line":28,"column":33}},"loc":{"start":{"line":29,"column":16},"end":{"line":29,"column":41}},"line":29}},"branchMap":{},"s":{"0":1,"1":2,"2":2,"3":6,"4":10},"f":{"0":2,"1":6,"2":10},"b":{},"_coverageSchema":"1a1c01bbd47fc00a2c39e90264f33305004495a9","hash":"a0b169def68651f32ee82a2412a362ae09558898"}
,"/home/jessica/Term3/final-assignment/Bat_and_Bun_restaurant/client/src/components/HomeView/EmbedMap.js": {"path":"/home/jessica/Term3/final-assignment/Bat_and_Bun_restaurant/client/src/components/HomeView/EmbedMap.js","statementMap":{"0":{"start":{"line":3,"column":17},"end":{"line":10,"column":1}},"1":{"start":{"line":4,"column":17},"end":{"line":4,"column":40}},"2":{"start":{"line":6,"column":2},"end":{"line":9,"column":3}}},"fnMap":{"0":{"name":"(anonymous_0)","decl":{"start":{"line":3,"column":17},"end":{"line":3,"column":18}},"loc":{"start":{"line":3,"column":41},"end":{"line":10,"column":1}},"line":3}},"branchMap":{},"s":{"0":1,"1":3,"2":3},"f":{"0":3},"b":{},"_coverageSchema":"1a1c01bbd47fc00a2c39e90264f33305004495a9","hash":"a26e70fab4804b998883ca90e8629a56a6a101af"}
,"/home/jessica/Term3/final-assignment/Bat_and_Bun_restaurant/client/src/components/HomeView/HeroBanner.js": {"path":"/home/jessica/Term3/final-assignment/Bat_and_Bun_restaurant/client/src/components/HomeView/HeroBanner.js","statementMap":{"0":{"start":{"line":3,"column":19},"end":{"line":8,"column":1}},"1":{"start":{"line":4,"column":2},"end":{"line":7,"column":3}}},"fnMap":{"0":{"name":"(anonymous_0)","decl":{"start":{"line":3,"column":19},"end":{"line":3,"column":20}},"loc":{"start":{"line":3,"column":35},"end":{"line":8,"column":1}},"line":3}},"branchMap":{},"s":{"0":2,"1":4},"f":{"0":4},"b":{},"_coverageSchema":"1a1c01bbd47fc00a2c39e90264f33305004495a9","hash":"cbec51557d07f5688bbd067381f47e8a00eab7d0"}
,"/home/jessica/Term3/final-assignment/Bat_and_Bun_restaurant/client/src/components/HomeView/IconLink.js": {"path":"/home/jessica/Term3/final-assignment/Bat_and_Bun_restaurant/client/src/components/HomeView/IconLink.js","statementMap":{"0":{"start":{"line":5,"column":13},"end":{"line":10,"column":3}},"1":{"start":{"line":5,"column":43},"end":{"line":10,"column":1}},"2":{"start":{"line":12,"column":17},"end":{"line":29,"column":1}},"3":{"start":{"line":13,"column":2},"end":{"line":28,"column":3}}},"fnMap":{"0":{"name":"(anonymous_0)","decl":{"start":{"line":5,"column":27},"end":{"line":5,"column":28}},"loc":{"start":{"line":5,"column":43},"end":{"line":10,"column":1}},"line":5},"1":{"name":"(anonymous_1)","decl":{"start":{"line":12,"column":17},"end":{"line":12,"column":18}},"loc":{"start":{"line":12,"column":54},"end":{"line":29,"column":1}},"line":12}},"branchMap":{},"s":{"0":1,"1":4,"2":1,"3":4},"f":{"0":4,"1":4},"b":{},"_coverageSchema":"1a1c01bbd47fc00a2c39e90264f33305004495a9","hash":"48f3d61e3d4d0ce858e46e97f4f27165fdd1b3ac"}
,"/home/jessica/Term3/final-assignment/Bat_and_Bun_restaurant/client/src/views/AboutView.js": {"path":"/home/jessica/Term3/final-assignment/Bat_and_Bun_restaurant/client/src/views/AboutView.js","statementMap":{"0":{"start":{"line":5,"column":18},"end":{"line":27,"column":1}},"1":{"start":{"line":6,"column":23},"end":{"line":6,"column":51}},"2":{"start":{"line":8,"column":2},"end":{"line":26,"column":3}}},"fnMap":{"0":{"name":"(anonymous_0)","decl":{"start":{"line":5,"column":18},"end":{"line":5,"column":19}},"loc":{"start":{"line":5,"column":24},"end":{"line":27,"column":1}},"line":5}},"branchMap":{},"s":{"0":1,"1":2,"2":2},"f":{"0":2},"b":{},"_coverageSchema":"1a1c01bbd47fc00a2c39e90264f33305004495a9","hash":"45fd92556f2ddc16da597d2fb3a4e10de99e0810"}
}
