TN:
SF:src/components/HomeView/BusinessInfo.js
FN:4,(anonymous_0)
FN:24,(anonymous_1)
FN:28,(anonymous_2)
FNF:3
FNH:3
FNDA:2,(anonymous_0)
FNDA:6,(anonymous_1)
FNDA:10,(anonymous_2)
DA:4,1
DA:6,2
DA:21,2
DA:25,6
DA:29,10
LF:5
LH:5
BRF:0
BRH:0
end_of_record
TN:
SF:src/components/HomeView/EmbedMap.js
FN:3,(anonymous_0)
FNF:1
FNH:1
FNDA:3,(anonymous_0)
DA:3,1
DA:4,3
DA:6,3
LF:3
LH:3
BRF:0
BRH:0
end_of_record
TN:
SF:src/components/HomeView/HeroBanner.js
FN:3,(anonymous_0)
FNF:1
FNH:1
FNDA:4,(anonymous_0)
DA:3,2
DA:4,4
LF:2
LH:2
BRF:0
BRH:0
end_of_record
TN:
SF:src/components/HomeView/IconLink.js
FN:5,(anonymous_0)
FN:12,(anonymous_1)
FNF:2
FNH:2
FNDA:4,(anonymous_0)
FNDA:4,(anonymous_1)
DA:5,4
DA:12,1
DA:13,4
LF:3
LH:3
BRF:0
BRH:0
end_of_record
TN:
SF:src/views/AboutView.js
FN:5,(anonymous_0)
FNF:1
FNH:1
FNDA:2,(anonymous_0)
DA:5,1
DA:6,2
DA:8,2
LF:3
LH:3
BRF:0
BRH:0
end_of_record
